cd .. && mkdir libLinux
cd ../libLinux && mkdir static
cd ../libLinux && cd static && mkdir Graphics
cd ../libLinux && cd static && mkdir System
cd ../libLinux && cd static && mkdir Window
cd ../libLinux && cd static && mkdir GL
cd ../libLinux && cd static && mkdir Gui
g++ -std=gnu++11 -pedantic -Werror -Wextra -Wall -DFRONTIER_DEBUG -DFRONTIER_MISSING_IMPL_NO_WARNING -I ../include -c Graphics/Mesh.cpp -o ../libLinux/static/Graphics/Mesh.o 
g++ -std=gnu++11 -pedantic -Werror -Wextra -Wall -DFRONTIER_DEBUG -DFRONTIER_MISSING_IMPL_NO_WARNING -I ../include -c Graphics/ShaderManager.cpp -o ../libLinux/static/Graphics/ShaderManager.o 
g++ -std=gnu++11 -pedantic -Werror -Wextra -Wall -DFRONTIER_DEBUG -DFRONTIER_MISSING_IMPL_NO_WARNING -I ../include -c Graphics/FloatTexture.cpp -o ../libLinux/static/Graphics/FloatTexture.o 
g++ -std=gnu++11 -pedantic -Werror -Wextra -Wall -DFRONTIER_DEBUG -DFRONTIER_MISSING_IMPL_NO_WARNING -I ../include -c Graphics/TimeQuery.cpp -o ../libLinux/static/Graphics/TimeQuery.o 
In file included from ../include/FRONTIER/System/Matrix.hpp:23:0,
                 from ../include/FRONTIER/System/MatrixStack.hpp:19,
                 from ../include/FRONTIER/Graphics/ShaderManager.hpp:21,
                 from ../include/FRONTIER/Graphics/FixedShaderManager.hpp:20,
                 from Graphics/ShaderManager.cpp:17:
../include/FRONTIER/System/Vector4.hpp:20:44: fatal error: FRONTIER/System/util/RETTYPE.hpp: No such file or directory
 #include <FRONTIER/System/util/RETTYPE.hpp>
                                            ^
compilation terminated.
In file included from Graphics/Mesh.cpp:19:0:
../include/FRONTIER/System/Vector3.hpp:20:44: fatal error: FRONTIER/System/util/RETTYPE.hpp: No such file or directory
 #include <FRONTIER/System/util/RETTYPE.hpp>
                                            ^
compilation terminated.
In file included from ../include/FRONTIER/Graphics/Texture.hpp:23:0,
                 from ../include/FRONTIER/Graphics/FloatTexture.hpp:20,
                 from Graphics/FloatTexture.cpp:17:
../include/FRONTIER/System/Vector2.hpp:20:44: fatal error: FRONTIER/System/util/RETTYPE.hpp: No such file or directory
 #include <FRONTIER/System/util/RETTYPE.hpp>
                                            ^
compilation terminated.
makefile:52: recipe for target '../libLinux/static/Graphics/ShaderManager.o' failed
make: *** [../libLinux/static/Graphics/ShaderManager.o] Error 1
make: *** Waiting for unfinished jobs....
makefile:52: recipe for target '../libLinux/static/Graphics/FloatTexture.o' failed
make: *** [../libLinux/static/Graphics/FloatTexture.o] Error 1
makefile:52: recipe for target '../libLinux/static/Graphics/Mesh.o' failed
make: *** [../libLinux/static/Graphics/Mesh.o] Error 1
